2016-11-29 08:45:57 ALLVARLIG com.hotmail.pederwaern.FileManager loadFromFile - No binary file found to loud
java.io.FileNotFoundException: register.data (No such file or directory)
	at java.io.FileInputStream.open0(Native Method)
	at java.io.FileInputStream.open(FileInputStream.java:195)
	at java.io.FileInputStream.<init>(FileInputStream.java:138)
	at java.io.FileInputStream.<init>(FileInputStream.java:93)
	at com.hotmail.pederwaern.FileManager.loadFromFile(FileManager.java:23)
	at com.hotmail.pederwaern.AddressBookApp.<init>(AddressBookApp.java:27)
	at com.hotmail.pederwaern.MainAdressBook1_0.main(MainAdressBook1_0.java:11)
	at sun.reflect.NativeMethodAccessorImpl.invoke0(Native Method)
	at sun.reflect.NativeMethodAccessorImpl.invoke(NativeMethodAccessorImpl.java:62)
	at sun.reflect.DelegatingMethodAccessorImpl.invoke(DelegatingMethodAccessorImpl.java:43)
	at java.lang.reflect.Method.invoke(Method.java:497)
	at com.intellij.rt.execution.application.AppMain.main(AppMain.java:147)

2016-11-29 08:45:57 INFO   com.hotmail.pederwaern.MessageDisplayer displayWelcome - Program started by user
2016-11-29 08:45:57 INFO   com.hotmail.pederwaern.AutoSaver run - Autosaving
2016-11-29 08:45:58 INFO   com.hotmail.pederwaern.FileManager saveToFile - File saved
2016-11-29 08:46:03 INFO   com.hotmail.pederwaern.AutoSaver run - Autosaving
2016-11-29 08:46:03 INFO   com.hotmail.pederwaern.FileManager saveToFile - File saved
2016-11-29 08:46:03 INFO   com.hotmail.pederwaern.RegisterHandler add - Contact added to Adressbook by user
2016-11-29 08:46:03 FIN    com.hotmail.pederwaern.CommandHandler takeInput - add typed
2016-11-29 08:46:04 INFO   com.hotmail.pederwaern.RegisterHandler list - User lists contacts in Adressbook
2016-11-29 08:46:04 FIN    com.hotmail.pederwaern.CommandHandler takeInput - log typed
2016-11-29 08:46:05 FIN    com.hotmail.pederwaern.CommandHandler takeInput - quit typed
2016-11-29 08:46:05 INFO   com.hotmail.pederwaern.FileManager saveToFile - File saved
2016-11-29 08:46:05 INFO   com.hotmail.pederwaern.MessageDisplayer displayGoodbye - Program exited by user
